 <explain xmlns="http://www.postgresql.org/2009/explain">
   <Query>
     <Plan>
       <Node-Type>Nested Loop</Node-Type>
       <Join-Type>Inner</Join-Type>
       <Startup-Cost>0.86</Startup-Cost>
       <Total-Cost>455.00</Total-Cost>
       <Plan-Rows>2</Plan-Rows>
       <Plan-Width>4</Plan-Width>
       <Actual-Startup-Time>0.178</Actual-Startup-Time>
       <Actual-Total-Time>0.209</Actual-Total-Time>
       <Actual-Rows>4</Actual-Rows>
       <Actual-Loops>1</Actual-Loops>
       <Plans>
         <Plan>
           <Node-Type>Index Scan</Node-Type>
           <Parent-Relationship>Outer</Parent-Relationship>
           <Scan-Direction>Forward</Scan-Direction>
           <Index-Name>title_idx_title</Index-Name>
           <Relation-Name>title</Relation-Name>
           <Alias>qview1</Alias>
           <Startup-Cost>0.43</Startup-Cost>
           <Total-Cost>36.25</Total-Cost>
           <Plan-Rows>3</Plan-Rows>
           <Plan-Width>4</Plan-Width>
           <Actual-Startup-Time>0.016</Actual-Startup-Time>
           <Actual-Total-Time>0.017</Actual-Total-Time>
           <Actual-Rows>1</Actual-Rows>
           <Actual-Loops>1</Actual-Loops>
           <Index-Cond>(title = 'Finding Nemo'::text)</Index-Cond>
           <Rows-Removed-by-Index-Recheck>0</Rows-Removed-by-Index-Recheck>
           <Filter>((id IS NOT NULL) AND (kind_id = 1))</Filter>
           <Rows-Removed-by-Filter>1</Rows-Removed-by-Filter>
         </Plan>
         <Plan>
           <Node-Type>Index Scan</Node-Type>
           <Parent-Relationship>Inner</Parent-Relationship>
           <Scan-Direction>Forward</Scan-Direction>
           <Index-Name>movie_info_idx_mid</Index-Name>
           <Relation-Name>movie_info</Relation-Name>
           <Alias>qview2</Alias>
           <Startup-Cost>0.43</Startup-Cost>
           <Total-Cost>139.47</Total-Cost>
           <Plan-Rows>4</Plan-Rows>
           <Plan-Width>4</Plan-Width>
           <Actual-Startup-Time>0.131</Actual-Startup-Time>
           <Actual-Total-Time>0.148</Actual-Total-Time>
           <Actual-Rows>4</Actual-Rows>
           <Actual-Loops>1</Actual-Loops>
           <Index-Cond>(movie_id = qview1.id)</Index-Cond>
           <Rows-Removed-by-Index-Recheck>0</Rows-Removed-by-Index-Recheck>
           <Filter>(info_type_id = 3)</Filter>
           <Rows-Removed-by-Filter>606</Rows-Removed-by-Filter>
         </Plan>
       </Plans>
     </Plan>
     <Planning-Time>0.234</Planning-Time>
     <Triggers>
     </Triggers>
     <Execution-Time>0.246</Execution-Time>
   </Query>
 </explain>
