 <explain xmlns="http://www.postgresql.org/2009/explain">
   <Query>
     <Plan>
       <Node-Type>Nested Loop</Node-Type>
       <Join-Type>Inner</Join-Type>
       <Startup-Cost>5.63</Startup-Cost>
       <Total-Cost>563.26</Total-Cost>
       <Plan-Rows>7</Plan-Rows>
       <Plan-Width>160</Plan-Width>
       <Actual-Startup-Time>0.421</Actual-Startup-Time>
       <Actual-Total-Time>872.695</Actual-Total-Time>
       <Actual-Rows>53400</Actual-Rows>
       <Actual-Loops>1</Actual-Loops>
       <Plans>
         <Plan>
           <Node-Type>Nested Loop</Node-Type>
           <Parent-Relationship>Outer</Parent-Relationship>
           <Join-Type>Inner</Join-Type>
           <Startup-Cost>5.20</Startup-Cost>
           <Total-Cost>534.67</Total-Cost>
           <Plan-Rows>7</Plan-Rows>
           <Plan-Width>149</Plan-Width>
           <Actual-Startup-Time>0.386</Actual-Startup-Time>
           <Actual-Total-Time>552.971</Actual-Total-Time>
           <Actual-Rows>53400</Actual-Rows>
           <Actual-Loops>1</Actual-Loops>
           <Join-Filter>(qview1.id = qview6.movie_id)</Join-Filter>
           <Rows-Removed-by-Join-Filter>0</Rows-Removed-by-Join-Filter>
           <Plans>
             <Plan>
               <Node-Type>Nested Loop</Node-Type>
               <Parent-Relationship>Outer</Parent-Relationship>
               <Join-Type>Inner</Join-Type>
               <Startup-Cost>4.76</Startup-Cost>
               <Total-Cost>468.19</Total-Cost>
               <Plan-Rows>1</Plan-Rows>
               <Plan-Width>173</Plan-Width>
               <Actual-Startup-Time>0.378</Actual-Startup-Time>
               <Actual-Total-Time>270.391</Actual-Total-Time>
               <Actual-Rows>2136</Actual-Rows>
               <Actual-Loops>1</Actual-Loops>
               <Plans>
                 <Plan>
                   <Node-Type>Nested Loop</Node-Type>
                   <Parent-Relationship>Outer</Parent-Relationship>
                   <Join-Type>Inner</Join-Type>
                   <Startup-Cost>4.33</Startup-Cost>
                   <Total-Cost>464.21</Total-Cost>
                   <Plan-Rows>1</Plan-Rows>
                   <Plan-Width>162</Plan-Width>
                   <Actual-Startup-Time>0.374</Actual-Startup-Time>
                   <Actual-Total-Time>265.369</Actual-Total-Time>
                   <Actual-Rows>2136</Actual-Rows>
                   <Actual-Loops>1</Actual-Loops>
                   <Plans>
                     <Plan>
                       <Node-Type>Nested Loop</Node-Type>
                       <Parent-Relationship>Outer</Parent-Relationship>
                       <Join-Type>Inner</Join-Type>
                       <Startup-Cost>3.90</Startup-Cost>
                       <Total-Cost>460.21</Total-Cost>
                       <Plan-Rows>1</Plan-Rows>
                       <Plan-Width>151</Plan-Width>
                       <Actual-Startup-Time>0.369</Actual-Startup-Time>
                       <Actual-Total-Time>260.505</Actual-Total-Time>
                       <Actual-Rows>2136</Actual-Rows>
                       <Actual-Loops>1</Actual-Loops>
                       <Join-Filter>(qview1.id = qview12.movie_id)</Join-Filter>
                       <Rows-Removed-by-Join-Filter>0</Rows-Removed-by-Join-Filter>
                       <Plans>
                         <Plan>
                           <Node-Type>Nested Loop</Node-Type>
                           <Parent-Relationship>Outer</Parent-Relationship>
                           <Join-Type>Inner</Join-Type>
                           <Startup-Cost>3.46</Startup-Cost>
                           <Total-Cost>394.02</Total-Cost>
                           <Plan-Rows>1</Plan-Rows>
                           <Plan-Width>143</Plan-Width>
                           <Actual-Startup-Time>0.342</Actual-Startup-Time>
                           <Actual-Total-Time>6.384</Actual-Total-Time>
                           <Actual-Rows>2136</Actual-Rows>
                           <Actual-Loops>1</Actual-Loops>
                           <Join-Filter>(qview1.id = qview4.movie_id)</Join-Filter>
                           <Rows-Removed-by-Join-Filter>0</Rows-Removed-by-Join-Filter>
                           <Plans>
                             <Plan>
                               <Node-Type>Nested Loop</Node-Type>
                               <Parent-Relationship>Outer</Parent-Relationship>
                               <Join-Type>Inner</Join-Type>
                               <Startup-Cost>3.03</Startup-Cost>
                               <Total-Cost>330.92</Total-Cost>
                               <Plan-Rows>1</Plan-Rows>
                               <Plan-Width>96</Plan-Width>
                               <Actual-Startup-Time>0.283</Actual-Startup-Time>
                               <Actual-Total-Time>2.588</Actual-Total-Time>
                               <Actual-Rows>24</Actual-Rows>
                               <Actual-Loops>1</Actual-Loops>
                               <Plans>
                                 <Plan>
                                   <Node-Type>Nested Loop</Node-Type>
                                   <Parent-Relationship>Outer</Parent-Relationship>
                                   <Join-Type>Inner</Join-Type>
                                   <Startup-Cost>2.60</Startup-Cost>
                                   <Total-Cost>326.94</Total-Cost>
                                   <Plan-Rows>1</Plan-Rows>
                                   <Plan-Width>85</Plan-Width>
                                   <Actual-Startup-Time>0.278</Actual-Startup-Time>
                                   <Actual-Total-Time>2.508</Actual-Total-Time>
                                   <Actual-Rows>24</Actual-Rows>
                                   <Actual-Loops>1</Actual-Loops>
                                   <Join-Filter>(qview1.id = qview8.movie_id)</Join-Filter>
                                   <Rows-Removed-by-Join-Filter>0</Rows-Removed-by-Join-Filter>
                                   <Plans>
                                     <Plan>
                                       <Node-Type>Nested Loop</Node-Type>
                                       <Parent-Relationship>Outer</Parent-Relationship>
                                       <Join-Type>Inner</Join-Type>
                                       <Startup-Cost>2.16</Startup-Cost>
                                       <Total-Cost>260.73</Total-Cost>
                                       <Plan-Rows>1</Plan-Rows>
                                       <Plan-Width>77</Plan-Width>
                                       <Actual-Startup-Time>0.254</Actual-Startup-Time>
                                       <Actual-Total-Time>1.100</Actual-Total-Time>
                                       <Actual-Rows>12</Actual-Rows>
                                       <Actual-Loops>1</Actual-Loops>
                                       <Join-Filter>(qview1.id = qview10.movie_id)</Join-Filter>
                                       <Rows-Removed-by-Join-Filter>0</Rows-Removed-by-Join-Filter>
                                       <Plans>
                                         <Plan>
                                           <Node-Type>Nested Loop</Node-Type>
                                           <Parent-Relationship>Outer</Parent-Relationship>
                                           <Join-Type>Inner</Join-Type>
                                           <Startup-Cost>1.72</Startup-Cost>
                                           <Total-Cost>194.44</Total-Cost>
                                           <Plan-Rows>1</Plan-Rows>
                                           <Plan-Width>69</Plan-Width>
                                           <Actual-Startup-Time>0.227</Actual-Startup-Time>
                                           <Actual-Total-Time>0.618</Actual-Total-Time>
                                           <Actual-Rows>4</Actual-Rows>
                                           <Actual-Loops>1</Actual-Loops>
                                           <Join-Filter>(qview1.id = qview3.movie_id)</Join-Filter>
                                           <Rows-Removed-by-Join-Filter>0</Rows-Removed-by-Join-Filter>
                                           <Plans>
                                             <Plan>
                                               <Node-Type>Nested Loop</Node-Type>
                                               <Parent-Relationship>Outer</Parent-Relationship>
                                               <Join-Type>Inner</Join-Type>
                                               <Startup-Cost>1.29</Startup-Cost>
                                               <Total-Cost>131.29</Total-Cost>
                                               <Plan-Rows>1</Plan-Rows>
                                               <Plan-Width>22</Plan-Width>
                                               <Actual-Startup-Time>0.144</Actual-Startup-Time>
                                               <Actual-Total-Time>0.162</Actual-Total-Time>
                                               <Actual-Rows>4</Actual-Rows>
                                               <Actual-Loops>1</Actual-Loops>
                                               <Join-Filter>(qview1.id = qview2.movie_id)</Join-Filter>
                                               <Rows-Removed-by-Join-Filter>0</Rows-Removed-by-Join-Filter>
                                               <Plans>
                                                 <Plan>
                                                   <Node-Type>Nested Loop</Node-Type>
                                                   <Parent-Relationship>Outer</Parent-Relationship>
                                                   <Join-Type>Inner</Join-Type>
                                                   <Startup-Cost>0.85</Startup-Cost>
                                                   <Total-Cost>67.85</Total-Cost>
                                                   <Plan-Rows>1</Plan-Rows>
                                                   <Plan-Width>18</Plan-Width>
                                                   <Actual-Startup-Time>0.030</Actual-Startup-Time>
                                                   <Actual-Total-Time>0.033</Actual-Total-Time>
                                                   <Actual-Rows>1</Actual-Rows>
                                                   <Actual-Loops>1</Actual-Loops>
                                                   <Plans>
                                                     <Plan>
                                                       <Node-Type>Index Scan</Node-Type>
                                                       <Parent-Relationship>Outer</Parent-Relationship>
                                                       <Scan-Direction>Forward</Scan-Direction>
                                                       <Index-Name>title_idx_title</Index-Name>
                                                       <Relation-Name>title</Relation-Name>
                                                       <Alias>qview1</Alias>
                                                       <Startup-Cost>0.43</Startup-Cost>
                                                       <Total-Cost>36.25</Total-Cost>
                                                       <Plan-Rows>2</Plan-Rows>
                                                       <Plan-Width>8</Plan-Width>
                                                       <Actual-Startup-Time>0.021</Actual-Startup-Time>
                                                       <Actual-Total-Time>0.023</Actual-Total-Time>
                                                       <Actual-Rows>1</Actual-Rows>
                                                       <Actual-Loops>1</Actual-Loops>
                                                       <Index-Cond>(title = 'Finding Nemo'::text)</Index-Cond>
                                                       <Rows-Removed-by-Index-Recheck>0</Rows-Removed-by-Index-Recheck>
                                                       <Filter>((id IS NOT NULL) AND (production_year IS NOT NULL) AND (kind_id = 1))</Filter>
                                                       <Rows-Removed-by-Filter>1</Rows-Removed-by-Filter>
                                                     </Plan>
                                                     <Plan>
                                                       <Node-Type>Index Scan</Node-Type>
                                                       <Parent-Relationship>Inner</Parent-Relationship>
                                                       <Scan-Direction>Forward</Scan-Direction>
                                                       <Index-Name>movie_info_idx_idx_mid</Index-Name>
                                                       <Relation-Name>movie_info_idx</Relation-Name>
                                                       <Alias>qview5</Alias>
                                                       <Startup-Cost>0.42</Startup-Cost>
                                                       <Total-Cost>15.79</Total-Cost>
                                                       <Plan-Rows>1</Plan-Rows>
                                                       <Plan-Width>10</Plan-Width>
                                                       <Actual-Startup-Time>0.007</Actual-Startup-Time>
                                                       <Actual-Total-Time>0.008</Actual-Total-Time>
                                                       <Actual-Rows>1</Actual-Rows>
                                                       <Actual-Loops>1</Actual-Loops>
                                                       <Index-Cond>(movie_id = qview1.id)</Index-Cond>
                                                       <Rows-Removed-by-Index-Recheck>0</Rows-Removed-by-Index-Recheck>
                                                       <Filter>((info IS NOT NULL) AND (info_type_id = 101))</Filter>
                                                       <Rows-Removed-by-Filter>3</Rows-Removed-by-Filter>
                                                     </Plan>
                                                   </Plans>
                                                 </Plan>
                                                 <Plan>
                                                   <Node-Type>Index Scan</Node-Type>
                                                   <Parent-Relationship>Inner</Parent-Relationship>
                                                   <Scan-Direction>Forward</Scan-Direction>
                                                   <Index-Name>movie_info_idx_mid</Index-Name>
                                                   <Relation-Name>movie_info</Relation-Name>
                                                   <Alias>qview2</Alias>
                                                   <Startup-Cost>0.43</Startup-Cost>
                                                   <Total-Cost>63.39</Total-Cost>
                                                   <Plan-Rows>4</Plan-Rows>
                                                   <Plan-Width>4</Plan-Width>
                                                   <Actual-Startup-Time>0.114</Actual-Startup-Time>
                                                   <Actual-Total-Time>0.127</Actual-Total-Time>
                                                   <Actual-Rows>4</Actual-Rows>
                                                   <Actual-Loops>1</Actual-Loops>
                                                   <Index-Cond>(movie_id = qview5.movie_id)</Index-Cond>
                                                   <Rows-Removed-by-Index-Recheck>0</Rows-Removed-by-Index-Recheck>
                                                   <Filter>(info_type_id = 3)</Filter>
                                                   <Rows-Removed-by-Filter>606</Rows-Removed-by-Filter>
                                                 </Plan>
                                               </Plans>
                                             </Plan>
                                             <Plan>
                                               <Node-Type>Index Scan</Node-Type>
                                               <Parent-Relationship>Inner</Parent-Relationship>
                                               <Scan-Direction>Forward</Scan-Direction>
                                               <Index-Name>movie_info_idx_mid</Index-Name>
                                               <Relation-Name>movie_info</Relation-Name>
                                               <Alias>qview3</Alias>
                                               <Startup-Cost>0.43</Startup-Cost>
                                               <Total-Cost>63.14</Total-Cost>
                                               <Plan-Rows>1</Plan-Rows>
                                               <Plan-Width>47</Plan-Width>
                                               <Actual-Startup-Time>0.077</Actual-Startup-Time>
                                               <Actual-Total-Time>0.113</Actual-Total-Time>
                                               <Actual-Rows>1</Actual-Rows>
                                               <Actual-Loops>4</Actual-Loops>
                                               <Index-Cond>(movie_id = qview2.movie_id)</Index-Cond>
                                               <Rows-Removed-by-Index-Recheck>0</Rows-Removed-by-Index-Recheck>
                                               <Filter>((info IS NOT NULL) AND (info_type_id = 105))</Filter>
                                               <Rows-Removed-by-Filter>609</Rows-Removed-by-Filter>
                                             </Plan>
                                           </Plans>
                                         </Plan>
                                         <Plan>
                                           <Node-Type>Index Scan</Node-Type>
                                           <Parent-Relationship>Inner</Parent-Relationship>
                                           <Scan-Direction>Forward</Scan-Direction>
                                           <Index-Name>cast_info_idx_mid</Index-Name>
                                           <Relation-Name>cast_info</Relation-Name>
                                           <Alias>qview10</Alias>
                                           <Startup-Cost>0.44</Startup-Cost>
                                           <Total-Cost>66.26</Total-Cost>
                                           <Plan-Rows>3</Plan-Rows>
                                           <Plan-Width>8</Plan-Width>
                                           <Actual-Startup-Time>0.018</Actual-Startup-Time>
                                           <Actual-Total-Time>0.116</Actual-Total-Time>
                                           <Actual-Rows>3</Actual-Rows>
                                           <Actual-Loops>4</Actual-Loops>
                                           <Index-Cond>(movie_id = qview2.movie_id)</Index-Cond>
                                           <Rows-Removed-by-Index-Recheck>0</Rows-Removed-by-Index-Recheck>
                                           <Filter>((person_id IS NOT NULL) AND (role_id = 3))</Filter>
                                           <Rows-Removed-by-Filter>298</Rows-Removed-by-Filter>
                                         </Plan>
                                       </Plans>
                                     </Plan>
                                     <Plan>
                                       <Node-Type>Index Scan</Node-Type>
                                       <Parent-Relationship>Inner</Parent-Relationship>
                                       <Scan-Direction>Forward</Scan-Direction>
                                       <Index-Name>cast_info_idx_mid</Index-Name>
                                       <Relation-Name>cast_info</Relation-Name>
                                       <Alias>qview8</Alias>
                                       <Startup-Cost>0.44</Startup-Cost>
                                       <Total-Cost>66.18</Total-Cost>
                                       <Plan-Rows>2</Plan-Rows>
                                       <Plan-Width>8</Plan-Width>
                                       <Actual-Startup-Time>0.020</Actual-Startup-Time>
                                       <Actual-Total-Time>0.116</Actual-Total-Time>
                                       <Actual-Rows>2</Actual-Rows>
                                       <Actual-Loops>12</Actual-Loops>
                                       <Index-Cond>(movie_id = qview10.movie_id)</Index-Cond>
                                       <Rows-Removed-by-Index-Recheck>0</Rows-Removed-by-Index-Recheck>
                                       <Filter>((person_id IS NOT NULL) AND (role_id = 8))</Filter>
                                       <Rows-Removed-by-Filter>299</Rows-Removed-by-Filter>
                                     </Plan>
                                   </Plans>
                                 </Plan>
                                 <Plan>
                                   <Node-Type>Index Scan</Node-Type>
                                   <Parent-Relationship>Inner</Parent-Relationship>
                                   <Scan-Direction>Forward</Scan-Direction>
                                   <Index-Name>name_pkey</Index-Name>
                                   <Relation-Name>name</Relation-Name>
                                   <Alias>qview9</Alias>
                                   <Startup-Cost>0.43</Startup-Cost>
                                   <Total-Cost>3.97</Total-Cost>
                                   <Plan-Rows>1</Plan-Rows>
                                   <Plan-Width>19</Plan-Width>
                                   <Actual-Startup-Time>0.003</Actual-Startup-Time>
                                   <Actual-Total-Time>0.003</Actual-Total-Time>
                                   <Actual-Rows>1</Actual-Rows>
                                   <Actual-Loops>24</Actual-Loops>
                                   <Index-Cond>(id = qview8.person_id)</Index-Cond>
                                   <Rows-Removed-by-Index-Recheck>0</Rows-Removed-by-Index-Recheck>
                                   <Filter>(name IS NOT NULL)</Filter>
                                   <Rows-Removed-by-Filter>0</Rows-Removed-by-Filter>
                                 </Plan>
                               </Plans>
                             </Plan>
                             <Plan>
                               <Node-Type>Index Scan</Node-Type>
                               <Parent-Relationship>Inner</Parent-Relationship>
                               <Scan-Direction>Forward</Scan-Direction>
                               <Index-Name>movie_info_idx_mid</Index-Name>
                               <Relation-Name>movie_info</Relation-Name>
                               <Alias>qview4</Alias>
                               <Startup-Cost>0.43</Startup-Cost>
                               <Total-Cost>63.08</Total-Cost>
                               <Plan-Rows>1</Plan-Rows>
                               <Plan-Width>47</Plan-Width>
                               <Actual-Startup-Time>0.053</Actual-Startup-Time>
                               <Actual-Total-Time>0.136</Actual-Total-Time>
                               <Actual-Rows>89</Actual-Rows>
                               <Actual-Loops>24</Actual-Loops>
                               <Index-Cond>(movie_id = qview10.movie_id)</Index-Cond>
                               <Rows-Removed-by-Index-Recheck>0</Rows-Removed-by-Index-Recheck>
                               <Filter>((info IS NOT NULL) AND (info_type_id = 107))</Filter>
                               <Rows-Removed-by-Filter>521</Rows-Removed-by-Filter>
                             </Plan>
                           </Plans>
                         </Plan>
                         <Plan>
                           <Node-Type>Index Scan</Node-Type>
                           <Parent-Relationship>Inner</Parent-Relationship>
                           <Scan-Direction>Forward</Scan-Direction>
                           <Index-Name>cast_info_idx_mid</Index-Name>
                           <Relation-Name>cast_info</Relation-Name>
                           <Alias>qview12</Alias>
                           <Startup-Cost>0.44</Startup-Cost>
                           <Total-Cost>66.18</Total-Cost>
                           <Plan-Rows>1</Plan-Rows>
                           <Plan-Width>8</Plan-Width>
                           <Actual-Startup-Time>0.020</Actual-Startup-Time>
                           <Actual-Total-Time>0.118</Actual-Total-Time>
                           <Actual-Rows>1</Actual-Rows>
                           <Actual-Loops>2136</Actual-Loops>
                           <Index-Cond>(movie_id = qview10.movie_id)</Index-Cond>
                           <Rows-Removed-by-Index-Recheck>0</Rows-Removed-by-Index-Recheck>
                           <Filter>((person_id IS NOT NULL) AND (role_id = 9))</Filter>
                           <Rows-Removed-by-Filter>300</Rows-Removed-by-Filter>
                         </Plan>
                       </Plans>
                     </Plan>
                     <Plan>
                       <Node-Type>Index Scan</Node-Type>
                       <Parent-Relationship>Inner</Parent-Relationship>
                       <Scan-Direction>Forward</Scan-Direction>
                       <Index-Name>name_pkey</Index-Name>
                       <Relation-Name>name</Relation-Name>
                       <Alias>qview13</Alias>
                       <Startup-Cost>0.43</Startup-Cost>
                       <Total-Cost>4.00</Total-Cost>
                       <Plan-Rows>1</Plan-Rows>
                       <Plan-Width>19</Plan-Width>
                       <Actual-Startup-Time>0.002</Actual-Startup-Time>
                       <Actual-Total-Time>0.002</Actual-Total-Time>
                       <Actual-Rows>1</Actual-Rows>
                       <Actual-Loops>2136</Actual-Loops>
                       <Index-Cond>(id = qview12.person_id)</Index-Cond>
                       <Rows-Removed-by-Index-Recheck>0</Rows-Removed-by-Index-Recheck>
                       <Filter>(name IS NOT NULL)</Filter>
                       <Rows-Removed-by-Filter>0</Rows-Removed-by-Filter>
                     </Plan>
                   </Plans>
                 </Plan>
                 <Plan>
                   <Node-Type>Index Scan</Node-Type>
                   <Parent-Relationship>Inner</Parent-Relationship>
                   <Scan-Direction>Forward</Scan-Direction>
                   <Index-Name>name_pkey</Index-Name>
                   <Relation-Name>name</Relation-Name>
                   <Alias>qview11</Alias>
                   <Startup-Cost>0.43</Startup-Cost>
                   <Total-Cost>3.96</Total-Cost>
                   <Plan-Rows>1</Plan-Rows>
                   <Plan-Width>19</Plan-Width>
                   <Actual-Startup-Time>0.002</Actual-Startup-Time>
                   <Actual-Total-Time>0.002</Actual-Total-Time>
                   <Actual-Rows>1</Actual-Rows>
                   <Actual-Loops>2136</Actual-Loops>
                   <Index-Cond>(id = qview10.person_id)</Index-Cond>
                   <Rows-Removed-by-Index-Recheck>0</Rows-Removed-by-Index-Recheck>
                   <Filter>(name IS NOT NULL)</Filter>
                   <Rows-Removed-by-Filter>0</Rows-Removed-by-Filter>
                 </Plan>
               </Plans>
             </Plan>
             <Plan>
               <Node-Type>Index Scan</Node-Type>
               <Parent-Relationship>Inner</Parent-Relationship>
               <Scan-Direction>Forward</Scan-Direction>
               <Index-Name>cast_info_idx_mid</Index-Name>
               <Relation-Name>cast_info</Relation-Name>
               <Alias>qview6</Alias>
               <Startup-Cost>0.44</Startup-Cost>
               <Total-Cost>66.26</Total-Cost>
               <Plan-Rows>18</Plan-Rows>
               <Plan-Width>8</Plan-Width>
               <Actual-Startup-Time>0.006</Actual-Startup-Time>
               <Actual-Total-Time>0.128</Actual-Total-Time>
               <Actual-Rows>25</Actual-Rows>
               <Actual-Loops>2136</Actual-Loops>
               <Index-Cond>(movie_id = qview10.movie_id)</Index-Cond>
               <Rows-Removed-by-Index-Recheck>0</Rows-Removed-by-Index-Recheck>
               <Filter>((person_id IS NOT NULL) AND ((2 = role_id) OR (1 = role_id)))</Filter>
               <Rows-Removed-by-Filter>276</Rows-Removed-by-Filter>
             </Plan>
           </Plans>
         </Plan>
         <Plan>
           <Node-Type>Index Scan</Node-Type>
           <Parent-Relationship>Inner</Parent-Relationship>
           <Scan-Direction>Forward</Scan-Direction>
           <Index-Name>name_pkey</Index-Name>
           <Relation-Name>name</Relation-Name>
           <Alias>qview7</Alias>
           <Startup-Cost>0.43</Startup-Cost>
           <Total-Cost>3.95</Total-Cost>
           <Plan-Rows>1</Plan-Rows>
           <Plan-Width>19</Plan-Width>
           <Actual-Startup-Time>0.002</Actual-Startup-Time>
           <Actual-Total-Time>0.002</Actual-Total-Time>
           <Actual-Rows>1</Actual-Rows>
           <Actual-Loops>53400</Actual-Loops>
           <Index-Cond>(id = qview6.person_id)</Index-Cond>
           <Rows-Removed-by-Index-Recheck>0</Rows-Removed-by-Index-Recheck>
           <Filter>(name IS NOT NULL)</Filter>
           <Rows-Removed-by-Filter>0</Rows-Removed-by-Filter>
         </Plan>
       </Plans>
     </Plan>
     <Planning-Time>61.218</Planning-Time>
     <Triggers>
     </Triggers>
     <Execution-Time>874.430</Execution-Time>
   </Query>
 </explain>
