{"Report":[
   {
     "Plan": {
       "Node Type": "Nested Loop",
       "Join Type": "Inner",
       "Startup Cost": 5.63,
       "Total Cost": 563.26,
       "Plan Rows": 7,
       "Plan Width": 160,
       "Actual Startup Time": 0.591,
       "Actual Total Time": 894.721,
       "Actual Rows": 53400,
       "Actual Loops": 1,
       "Plans": [
         {
           "Node Type": "Nested Loop",
           "Parent Relationship": "Outer",
           "Join Type": "Inner",
           "Startup Cost": 5.20,
           "Total Cost": 534.67,
           "Plan Rows": 7,
           "Plan Width": 149,
           "Actual Startup Time": 0.545,
           "Actual Total Time": 562.073,
           "Actual Rows": 53400,
           "Actual Loops": 1,
           "Join Filter": "(qview1.id = qview6.movie_id)",
           "Rows Removed by Join Filter": 0,
           "Plans": [
             {
               "Node Type": "Nested Loop",
               "Parent Relationship": "Outer",
               "Join Type": "Inner",
               "Startup Cost": 4.76,
               "Total Cost": 468.19,
               "Plan Rows": 1,
               "Plan Width": 173,
               "Actual Startup Time": 0.537,
               "Actual Total Time": 269.691,
               "Actual Rows": 2136,
               "Actual Loops": 1,
               "Plans": [
                 {
                   "Node Type": "Nested Loop",
                   "Parent Relationship": "Outer",
                   "Join Type": "Inner",
                   "Startup Cost": 4.33,
                   "Total Cost": 464.21,
                   "Plan Rows": 1,
                   "Plan Width": 162,
                   "Actual Startup Time": 0.526,
                   "Actual Total Time": 264.434,
                   "Actual Rows": 2136,
                   "Actual Loops": 1,
                   "Plans": [
                     {
                       "Node Type": "Nested Loop",
                       "Parent Relationship": "Outer",
                       "Join Type": "Inner",
                       "Startup Cost": 3.90,
                       "Total Cost": 460.21,
                       "Plan Rows": 1,
                       "Plan Width": 151,
                       "Actual Startup Time": 0.516,
                       "Actual Total Time": 259.302,
                       "Actual Rows": 2136,
                       "Actual Loops": 1,
                       "Join Filter": "(qview1.id = qview12.movie_id)",
                       "Rows Removed by Join Filter": 0,
                       "Plans": [
                         {
                           "Node Type": "Nested Loop",
                           "Parent Relationship": "Outer",
                           "Join Type": "Inner",
                           "Startup Cost": 3.46,
                           "Total Cost": 394.02,
                           "Plan Rows": 1,
                           "Plan Width": 143,
                           "Actual Startup Time": 0.489,
                           "Actual Total Time": 6.896,
                           "Actual Rows": 2136,
                           "Actual Loops": 1,
                           "Join Filter": "(qview1.id = qview4.movie_id)",
                           "Rows Removed by Join Filter": 0,
                           "Plans": [
                             {
                               "Node Type": "Nested Loop",
                               "Parent Relationship": "Outer",
                               "Join Type": "Inner",
                               "Startup Cost": 3.03,
                               "Total Cost": 330.92,
                               "Plan Rows": 1,
                               "Plan Width": 96,
                               "Actual Startup Time": 0.437,
                               "Actual Total Time": 2.783,
                               "Actual Rows": 24,
                               "Actual Loops": 1,
                               "Plans": [
                                 {
                                   "Node Type": "Nested Loop",
                                   "Parent Relationship": "Outer",
                                   "Join Type": "Inner",
                                   "Startup Cost": 2.60,
                                   "Total Cost": 326.94,
                                   "Plan Rows": 1,
                                   "Plan Width": 85,
                                   "Actual Startup Time": 0.425,
                                   "Actual Total Time": 2.671,
                                   "Actual Rows": 24,
                                   "Actual Loops": 1,
                                   "Join Filter": "(qview1.id = qview8.movie_id)",
                                   "Rows Removed by Join Filter": 0,
                                   "Plans": [
                                     {
                                       "Node Type": "Nested Loop",
                                       "Parent Relationship": "Outer",
                                       "Join Type": "Inner",
                                       "Startup Cost": 2.16,
                                       "Total Cost": 260.73,
                                       "Plan Rows": 1,
                                       "Plan Width": 77,
                                       "Actual Startup Time": 0.373,
                                       "Actual Total Time": 1.232,
                                       "Actual Rows": 12,
                                       "Actual Loops": 1,
                                       "Join Filter": "(qview1.id = qview10.movie_id)",
                                       "Rows Removed by Join Filter": 0,
                                       "Plans": [
                                         {
                                           "Node Type": "Nested Loop",
                                           "Parent Relationship": "Outer",
                                           "Join Type": "Inner",
                                           "Startup Cost": 1.72,
                                           "Total Cost": 194.44,
                                           "Plan Rows": 1,
                                           "Plan Width": 69,
                                           "Actual Startup Time": 0.276,
                                           "Actual Total Time": 0.680,
                                           "Actual Rows": 4,
                                           "Actual Loops": 1,
                                           "Join Filter": "(qview1.id = qview3.movie_id)",
                                           "Rows Removed by Join Filter": 0,
                                           "Plans": [
                                             {
                                               "Node Type": "Nested Loop",
                                               "Parent Relationship": "Outer",
                                               "Join Type": "Inner",
                                               "Startup Cost": 1.29,
                                               "Total Cost": 131.29,
                                               "Plan Rows": 1,
                                               "Plan Width": 22,
                                               "Actual Startup Time": 0.201,
                                               "Actual Total Time": 0.227,
                                               "Actual Rows": 4,
                                               "Actual Loops": 1,
                                               "Join Filter": "(qview1.id = qview2.movie_id)",
                                               "Rows Removed by Join Filter": 0,
                                               "Plans": [
                                                 {
                                                   "Node Type": "Nested Loop",
                                                   "Parent Relationship": "Outer",
                                                   "Join Type": "Inner",
                                                   "Startup Cost": 0.85,
                                                   "Total Cost": 67.85,
                                                   "Plan Rows": 1,
                                                   "Plan Width": 18,
                                                   "Actual Startup Time": 0.048,
                                                   "Actual Total Time": 0.059,
                                                   "Actual Rows": 1,
                                                   "Actual Loops": 1,
                                                   "Plans": [
                                                     {
                                                       "Node Type": "Index Scan",
                                                       "Parent Relationship": "Outer",
                                                       "Scan Direction": "Forward",
                                                       "Index Name": "title_idx_title",
                                                       "Relation Name": "title",
                                                       "Alias": "qview1",
                                                       "Startup Cost": 0.43,
                                                       "Total Cost": 36.25,
                                                       "Plan Rows": 2,
                                                       "Plan Width": 8,
                                                       "Actual Startup Time": 0.030,
                                                       "Actual Total Time": 0.040,
                                                       "Actual Rows": 1,
                                                       "Actual Loops": 1,
                                                       "Index Cond": "(title = 'Finding Nemo'::text)",
                                                       "Rows Removed by Index Recheck": 0,
                                                       "Filter": "((id IS NOT NULL) AND (production_year IS NOT NULL) AND (kind_id = 1))",
                                                       "Rows Removed by Filter": 1
                                                     },
                                                     {
                                                       "Node Type": "Index Scan",
                                                       "Parent Relationship": "Inner",
                                                       "Scan Direction": "Forward",
                                                       "Index Name": "movie_info_idx_idx_mid",
                                                       "Relation Name": "movie_info_idx",
                                                       "Alias": "qview5",
                                                       "Startup Cost": 0.42,
                                                       "Total Cost": 15.79,
                                                       "Plan Rows": 1,
                                                       "Plan Width": 10,
                                                       "Actual Startup Time": 0.017,
                                                       "Actual Total Time": 0.018,
                                                       "Actual Rows": 1,
                                                       "Actual Loops": 1,
                                                       "Index Cond": "(movie_id = qview1.id)",
                                                       "Rows Removed by Index Recheck": 0,
                                                       "Filter": "((info IS NOT NULL) AND (info_type_id = 101))",
                                                       "Rows Removed by Filter": 3
                                                     }
                                                   ]
                                                 },
                                                 {
                                                   "Node Type": "Index Scan",
                                                   "Parent Relationship": "Inner",
                                                   "Scan Direction": "Forward",
                                                   "Index Name": "movie_info_idx_mid",
                                                   "Relation Name": "movie_info",
                                                   "Alias": "qview2",
                                                   "Startup Cost": 0.43,
                                                   "Total Cost": 63.39,
                                                   "Plan Rows": 4,
                                                   "Plan Width": 4,
                                                   "Actual Startup Time": 0.152,
                                                   "Actual Total Time": 0.164,
                                                   "Actual Rows": 4,
                                                   "Actual Loops": 1,
                                                   "Index Cond": "(movie_id = qview5.movie_id)",
                                                   "Rows Removed by Index Recheck": 0,
                                                   "Filter": "(info_type_id = 3)",
                                                   "Rows Removed by Filter": 606
                                                 }
                                               ]
                                             },
                                             {
                                               "Node Type": "Index Scan",
                                               "Parent Relationship": "Inner",
                                               "Scan Direction": "Forward",
                                               "Index Name": "movie_info_idx_mid",
                                               "Relation Name": "movie_info",
                                               "Alias": "qview3",
                                               "Startup Cost": 0.43,
                                               "Total Cost": 63.14,
                                               "Plan Rows": 1,
                                               "Plan Width": 47,
                                               "Actual Startup Time": 0.076,
                                               "Actual Total Time": 0.112,
                                               "Actual Rows": 1,
                                               "Actual Loops": 4,
                                               "Index Cond": "(movie_id = qview2.movie_id)",
                                               "Rows Removed by Index Recheck": 0,
                                               "Filter": "((info IS NOT NULL) AND (info_type_id = 105))",
                                               "Rows Removed by Filter": 609
                                             }
                                           ]
                                         },
                                         {
                                           "Node Type": "Index Scan",
                                           "Parent Relationship": "Inner",
                                           "Scan Direction": "Forward",
                                           "Index Name": "cast_info_idx_mid",
                                           "Relation Name": "cast_info",
                                           "Alias": "qview10",
                                           "Startup Cost": 0.44,
                                           "Total Cost": 66.26,
                                           "Plan Rows": 3,
                                           "Plan Width": 8,
                                           "Actual Startup Time": 0.036,
                                           "Actual Total Time": 0.135,
                                           "Actual Rows": 3,
                                           "Actual Loops": 4,
                                           "Index Cond": "(movie_id = qview2.movie_id)",
                                           "Rows Removed by Index Recheck": 0,
                                           "Filter": "((person_id IS NOT NULL) AND (role_id = 3))",
                                           "Rows Removed by Filter": 298
                                         }
                                       ]
                                     },
                                     {
                                       "Node Type": "Index Scan",
                                       "Parent Relationship": "Inner",
                                       "Scan Direction": "Forward",
                                       "Index Name": "cast_info_idx_mid",
                                       "Relation Name": "cast_info",
                                       "Alias": "qview8",
                                       "Startup Cost": 0.44,
                                       "Total Cost": 66.18,
                                       "Plan Rows": 2,
                                       "Plan Width": 8,
                                       "Actual Startup Time": 0.022,
                                       "Actual Total Time": 0.118,
                                       "Actual Rows": 2,
                                       "Actual Loops": 12,
                                       "Index Cond": "(movie_id = qview10.movie_id)",
                                       "Rows Removed by Index Recheck": 0,
                                       "Filter": "((person_id IS NOT NULL) AND (role_id = 8))",
                                       "Rows Removed by Filter": 299
                                     }
                                   ]
                                 },
                                 {
                                   "Node Type": "Index Scan",
                                   "Parent Relationship": "Inner",
                                   "Scan Direction": "Forward",
                                   "Index Name": "name_pkey",
                                   "Relation Name": "name",
                                   "Alias": "qview9",
                                   "Startup Cost": 0.43,
                                   "Total Cost": 3.97,
                                   "Plan Rows": 1,
                                   "Plan Width": 19,
                                   "Actual Startup Time": 0.003,
                                   "Actual Total Time": 0.004,
                                   "Actual Rows": 1,
                                   "Actual Loops": 24,
                                   "Index Cond": "(id = qview8.person_id)",
                                   "Rows Removed by Index Recheck": 0,
                                   "Filter": "(name IS NOT NULL)",
                                   "Rows Removed by Filter": 0
                                 }
                               ]
                             },
                             {
                               "Node Type": "Index Scan",
                               "Parent Relationship": "Inner",
                               "Scan Direction": "Forward",
                               "Index Name": "movie_info_idx_mid",
                               "Relation Name": "movie_info",
                               "Alias": "qview4",
                               "Startup Cost": 0.43,
                               "Total Cost": 63.08,
                               "Plan Rows": 1,
                               "Plan Width": 47,
                               "Actual Startup Time": 0.057,
                               "Actual Total Time": 0.146,
                               "Actual Rows": 89,
                               "Actual Loops": 24,
                               "Index Cond": "(movie_id = qview10.movie_id)",
                               "Rows Removed by Index Recheck": 0,
                               "Filter": "((info IS NOT NULL) AND (info_type_id = 107))",
                               "Rows Removed by Filter": 521
                             }
                           ]
                         },
                         {
                           "Node Type": "Index Scan",
                           "Parent Relationship": "Inner",
                           "Scan Direction": "Forward",
                           "Index Name": "cast_info_idx_mid",
                           "Relation Name": "cast_info",
                           "Alias": "qview12",
                           "Startup Cost": 0.44,
                           "Total Cost": 66.18,
                           "Plan Rows": 1,
                           "Plan Width": 8,
                           "Actual Startup Time": 0.020,
                           "Actual Total Time": 0.118,
                           "Actual Rows": 1,
                           "Actual Loops": 2136,
                           "Index Cond": "(movie_id = qview10.movie_id)",
                           "Rows Removed by Index Recheck": 0,
                           "Filter": "((person_id IS NOT NULL) AND (role_id = 9))",
                           "Rows Removed by Filter": 300
                         }
                       ]
                     },
                     {
                       "Node Type": "Index Scan",
                       "Parent Relationship": "Inner",
                       "Scan Direction": "Forward",
                       "Index Name": "name_pkey",
                       "Relation Name": "name",
                       "Alias": "qview13",
                       "Startup Cost": 0.43,
                       "Total Cost": 4.00,
                       "Plan Rows": 1,
                       "Plan Width": 19,
                       "Actual Startup Time": 0.002,
                       "Actual Total Time": 0.002,
                       "Actual Rows": 1,
                       "Actual Loops": 2136,
                       "Index Cond": "(id = qview12.person_id)",
                       "Rows Removed by Index Recheck": 0,
                       "Filter": "(name IS NOT NULL)",
                       "Rows Removed by Filter": 0
                     }
                   ]
                 },
                 {
                   "Node Type": "Index Scan",
                   "Parent Relationship": "Inner",
                   "Scan Direction": "Forward",
                   "Index Name": "name_pkey",
                   "Relation Name": "name",
                   "Alias": "qview11",
                   "Startup Cost": 0.43,
                   "Total Cost": 3.96,
                   "Plan Rows": 1,
                   "Plan Width": 19,
                   "Actual Startup Time": 0.002,
                   "Actual Total Time": 0.002,
                   "Actual Rows": 1,
                   "Actual Loops": 2136,
                   "Index Cond": "(id = qview10.person_id)",
                   "Rows Removed by Index Recheck": 0,
                   "Filter": "(name IS NOT NULL)",
                   "Rows Removed by Filter": 0
                 }
               ]
             },
             {
               "Node Type": "Index Scan",
               "Parent Relationship": "Inner",
               "Scan Direction": "Forward",
               "Index Name": "cast_info_idx_mid",
               "Relation Name": "cast_info",
               "Alias": "qview6",
               "Startup Cost": 0.44,
               "Total Cost": 66.26,
               "Plan Rows": 18,
               "Plan Width": 8,
               "Actual Startup Time": 0.006,
               "Actual Total Time": 0.133,
               "Actual Rows": 25,
               "Actual Loops": 2136,
               "Index Cond": "(movie_id = qview10.movie_id)",
               "Rows Removed by Index Recheck": 0,
               "Filter": "((person_id IS NOT NULL) AND ((2 = role_id) OR (1 = role_id)))",
               "Rows Removed by Filter": 276
             }
           ]
         },
         {
           "Node Type": "Index Scan",
           "Parent Relationship": "Inner",
           "Scan Direction": "Forward",
           "Index Name": "name_pkey",
           "Relation Name": "name",
           "Alias": "qview7",
           "Startup Cost": 0.43,
           "Total Cost": 3.95,
           "Plan Rows": 1,
           "Plan Width": 19,
           "Actual Startup Time": 0.002,
           "Actual Total Time": 0.002,
           "Actual Rows": 1,
           "Actual Loops": 53400,
           "Index Cond": "(id = qview6.person_id)",
           "Rows Removed by Index Recheck": 0,
           "Filter": "(name IS NOT NULL)",
           "Rows Removed by Filter": 0
         }
       ]
     },
     "Planning Time": 61.249,
     "Triggers": [
     ],
     "Execution Time": 896.457
   }
 ]
}
